<?xml version="1.0" encoding="UTF-8"?>
<!-- Generated by org.testng.reporters.JUnitReportReporter -->
<testsuite hostname="henish" failures="0" tests="2" name="javaStreams" time="0.032" errors="0" timestamp="2022-09-03T18:55:46 IST" skipped="0">
  <testcase classname="javaStreams" name="StreamMap" time="0.024"/>
  <system-out/>
  <testcase classname="javaStreams" name="streamCollect" time="0.008"/>
  <system-out/>
</testsuite> <!-- javaStreams -->
